2021-09-24 09:38:26.621 [SpringContextShutdownHook] DEBUG o.s.b.w.s.c.AnnotationConfigServletWebServerApplicationContext - Closing org.springframework.boot.web.servlet.context.AnnotationConfigServletWebServerApplicationContext@78b3a234, started on Thu Sep 23 23:22:52 CST 2021
2021-09-24 09:38:26.680 [SpringContextShutdownHook] DEBUG o.s.b.w.s.c.AnnotationConfigServletWebServerApplicationContext - Closing org.springframework.boot.web.servlet.context.AnnotationConfigServletWebServerApplicationContext@4b001568, started on Thu Sep 23 23:22:54 CST 2021, parent: org.springframework.boot.web.servlet.context.AnnotationConfigServletWebServerApplicationContext@78b3a234
2021-09-24 09:38:26.680 [SpringContextShutdownHook] DEBUG o.s.core.env.PropertySourcesPropertyResolver - Found key 'spring.liveBeansView.mbeanDomain' in PropertySource 'systemProperties' with value of type String
2021-09-24 09:38:26.747 [SpringContextShutdownHook] DEBUG o.s.context.support.DefaultLifecycleProcessor - Stopping beans in phase 2147483647
2021-09-24 09:38:26.756 [SpringContextShutdownHook] DEBUG o.s.context.support.DefaultLifecycleProcessor - Bean 'webServerGracefulShutdown' completed its stop procedure
2021-09-24 09:38:26.756 [SpringContextShutdownHook] DEBUG o.s.context.support.DefaultLifecycleProcessor - Stopping beans in phase 2147483646
2021-09-24 09:38:26.796 [SpringContextShutdownHook] DEBUG o.s.context.support.DefaultLifecycleProcessor - Bean 'webServerStartStop' completed its stop procedure
2021-09-24 09:38:26.855 [SpringContextShutdownHook] DEBUG o.s.context.support.DefaultLifecycleProcessor - Stopping beans in phase 2147483647
2021-09-24 09:38:26.856 [SpringContextShutdownHook] DEBUG o.s.context.support.DefaultLifecycleProcessor - Bean 'documentationPluginsBootstrapper' completed its stop procedure
2021-09-24 09:38:26.856 [SpringContextShutdownHook] DEBUG o.s.context.support.DefaultLifecycleProcessor - Bean 'webServerGracefulShutdown' completed its stop procedure
2021-09-24 09:38:26.856 [SpringContextShutdownHook] DEBUG o.s.context.support.DefaultLifecycleProcessor - Stopping beans in phase 2147483646
2021-09-24 09:38:26.883 [SpringContextShutdownHook] DEBUG o.s.context.support.DefaultLifecycleProcessor - Bean 'webServerStartStop' completed its stop procedure
2021-09-24 09:38:26.887 [SpringContextShutdownHook] DEBUG o.s.d.redis.listener.RedisMessageListenerContainer - Stopped RedisMessageListenerContainer
2021-09-24 09:38:26.890 [SpringContextShutdownHook] DEBUG o.s.boot.actuate.endpoint.jmx.JmxEndpointExporter - Unregister endpoint with ObjectName 'org.springframework.boot:type=Endpoint,name=Beans' from the JMX domain
2021-09-24 09:38:26.890 [SpringContextShutdownHook] DEBUG o.s.boot.actuate.endpoint.jmx.JmxEndpointExporter - Unregister endpoint with ObjectName 'org.springframework.boot:type=Endpoint,name=Caches' from the JMX domain
2021-09-24 09:38:26.890 [SpringContextShutdownHook] DEBUG o.s.boot.actuate.endpoint.jmx.JmxEndpointExporter - Unregister endpoint with ObjectName 'org.springframework.boot:type=Endpoint,name=Health' from the JMX domain
2021-09-24 09:38:26.890 [SpringContextShutdownHook] DEBUG o.s.boot.actuate.endpoint.jmx.JmxEndpointExporter - Unregister endpoint with ObjectName 'org.springframework.boot:type=Endpoint,name=Info' from the JMX domain
2021-09-24 09:38:26.890 [SpringContextShutdownHook] DEBUG o.s.boot.actuate.endpoint.jmx.JmxEndpointExporter - Unregister endpoint with ObjectName 'org.springframework.boot:type=Endpoint,name=Conditions' from the JMX domain
2021-09-24 09:38:26.890 [SpringContextShutdownHook] DEBUG o.s.boot.actuate.endpoint.jmx.JmxEndpointExporter - Unregister endpoint with ObjectName 'org.springframework.boot:type=Endpoint,name=Configprops' from the JMX domain
2021-09-24 09:38:26.890 [SpringContextShutdownHook] DEBUG o.s.boot.actuate.endpoint.jmx.JmxEndpointExporter - Unregister endpoint with ObjectName 'org.springframework.boot:type=Endpoint,name=Env' from the JMX domain
2021-09-24 09:38:26.890 [SpringContextShutdownHook] DEBUG o.s.boot.actuate.endpoint.jmx.JmxEndpointExporter - Unregister endpoint with ObjectName 'org.springframework.boot:type=Endpoint,name=Loggers' from the JMX domain
2021-09-24 09:38:26.890 [SpringContextShutdownHook] DEBUG o.s.boot.actuate.endpoint.jmx.JmxEndpointExporter - Unregister endpoint with ObjectName 'org.springframework.boot:type=Endpoint,name=Threaddump' from the JMX domain
2021-09-24 09:38:26.890 [SpringContextShutdownHook] DEBUG o.s.boot.actuate.endpoint.jmx.JmxEndpointExporter - Unregister endpoint with ObjectName 'org.springframework.boot:type=Endpoint,name=Metrics' from the JMX domain
2021-09-24 09:38:26.890 [SpringContextShutdownHook] DEBUG o.s.boot.actuate.endpoint.jmx.JmxEndpointExporter - Unregister endpoint with ObjectName 'org.springframework.boot:type=Endpoint,name=Scheduledtasks' from the JMX domain
2021-09-24 09:38:26.890 [SpringContextShutdownHook] DEBUG o.s.boot.actuate.endpoint.jmx.JmxEndpointExporter - Unregister endpoint with ObjectName 'org.springframework.boot:type=Endpoint,name=Mappings' from the JMX domain
2021-09-24 09:38:26.892 [SpringContextShutdownHook] DEBUG o.s.jmx.export.annotation.AnnotationMBeanExporter - Unregistering JMX-exposed beans on shutdown
2021-09-24 09:38:26.893 [SpringContextShutdownHook] DEBUG o.s.jmx.export.annotation.AnnotationMBeanExporter - Unregistering JMX-exposed beans
